[2024-08-01T16:00:02.759-0300] {local_task_job_runner.py:120} INFO - ::group::Pre task execution logs
[2024-08-01T16:00:02.771-0300] {taskinstance.py:2076} INFO - Dependencies all met for dep_context=non-requeueable deps ti=<TaskInstance: weather_dag.get_weather scheduled__2024-08-01T18:00:00+00:00 [queued]>
[2024-08-01T16:00:02.775-0300] {taskinstance.py:2076} INFO - Dependencies all met for dep_context=requeueable deps ti=<TaskInstance: weather_dag.get_weather scheduled__2024-08-01T18:00:00+00:00 [queued]>
[2024-08-01T16:00:02.775-0300] {taskinstance.py:2306} INFO - Starting attempt 1 of 6
[2024-08-01T16:00:02.785-0300] {taskinstance.py:2330} INFO - Executing <Task(BashOperator): get_weather> on 2024-08-01 18:00:00+00:00
[2024-08-01T16:00:02.787-0300] {standard_task_runner.py:64} INFO - Started process 107776 to run task
[2024-08-01T16:00:02.789-0300] {standard_task_runner.py:90} INFO - Running: ['airflow', 'tasks', 'run', 'weather_dag', 'get_weather', 'scheduled__2024-08-01T18:00:00+00:00', '--job-id', '558', '--raw', '--subdir', 'DAGS_FOLDER/weather_dag.py', '--cfg-path', '/tmp/tmpgcgrk8cb']
[2024-08-01T16:00:02.789-0300] {standard_task_runner.py:91} INFO - Job 558: Subtask get_weather
[2024-08-01T16:00:02.812-0300] {task_command.py:426} INFO - Running <TaskInstance: weather_dag.get_weather scheduled__2024-08-01T18:00:00+00:00 [running]> on host BOOK-U1A3RU270O.
[2024-08-01T16:00:02.852-0300] {taskinstance.py:2648} INFO - Exporting env vars: AIRFLOW_CTX_DAG_EMAIL='marceloc.bastos@hotmail.com' AIRFLOW_CTX_DAG_OWNER='Marcelo' AIRFLOW_CTX_DAG_ID='weather_dag' AIRFLOW_CTX_TASK_ID='get_weather' AIRFLOW_CTX_EXECUTION_DATE='2024-08-01T18:00:00+00:00' AIRFLOW_CTX_TRY_NUMBER='1' AIRFLOW_CTX_DAG_RUN_ID='scheduled__2024-08-01T18:00:00+00:00'
[2024-08-01T16:00:02.853-0300] {taskinstance.py:430} INFO - ::endgroup::
[2024-08-01T16:00:02.853-0300] {subprocess.py:63} INFO - Tmp dir root location: /tmp
[2024-08-01T16:00:02.854-0300] {subprocess.py:75} INFO - Running command: ['/usr/bin/bash', '-c', 'python /home/mcb/code/marcelo7bastos/airflow_mda/dags/src/get_weather.py']
[2024-08-01T16:00:02.858-0300] {subprocess.py:86} INFO - Output:
[2024-08-01T16:00:07.502-0300] {subprocess.py:97} INFO - Command exited with return code 0
[2024-08-01T16:00:07.503-0300] {taskinstance.py:441} INFO - ::group::Post task execution logs
[2024-08-01T16:00:07.515-0300] {taskinstance.py:1206} INFO - Marking task as SUCCESS. dag_id=weather_dag, task_id=get_weather, run_id=scheduled__2024-08-01T18:00:00+00:00, execution_date=20240801T180000, start_date=20240801T190002, end_date=20240801T190007
[2024-08-01T16:00:07.542-0300] {local_task_job_runner.py:243} INFO - Task exited with return code 0
[2024-08-01T16:00:07.553-0300] {taskinstance.py:3503} INFO - 1 downstream tasks scheduled from follow-on schedule check
[2024-08-01T16:00:07.556-0300] {local_task_job_runner.py:222} INFO - ::endgroup::
