[2024-08-01T15:48:45.389-0300] {local_task_job_runner.py:120} INFO - ::group::Pre task execution logs
[2024-08-01T15:48:45.401-0300] {taskinstance.py:2076} INFO - Dependencies all met for dep_context=non-requeueable deps ti=<TaskInstance: weather_dag.get_weather manual__2024-08-01T18:48:43.007747+00:00 [queued]>
[2024-08-01T15:48:45.404-0300] {taskinstance.py:2076} INFO - Dependencies all met for dep_context=requeueable deps ti=<TaskInstance: weather_dag.get_weather manual__2024-08-01T18:48:43.007747+00:00 [queued]>
[2024-08-01T15:48:45.404-0300] {taskinstance.py:2306} INFO - Starting attempt 1 of 6
[2024-08-01T15:48:45.411-0300] {taskinstance.py:2330} INFO - Executing <Task(BashOperator): get_weather> on 2024-08-01 18:48:43.007747+00:00
[2024-08-01T15:48:45.414-0300] {standard_task_runner.py:64} INFO - Started process 99469 to run task
[2024-08-01T15:48:45.416-0300] {standard_task_runner.py:90} INFO - Running: ['airflow', 'tasks', 'run', 'weather_dag', 'get_weather', 'manual__2024-08-01T18:48:43.007747+00:00', '--job-id', '556', '--raw', '--subdir', 'DAGS_FOLDER/weather_dag.py', '--cfg-path', '/tmp/tmp99h_f3mp']
[2024-08-01T15:48:45.416-0300] {standard_task_runner.py:91} INFO - Job 556: Subtask get_weather
[2024-08-01T15:48:45.437-0300] {task_command.py:426} INFO - Running <TaskInstance: weather_dag.get_weather manual__2024-08-01T18:48:43.007747+00:00 [running]> on host BOOK-U1A3RU270O.
[2024-08-01T15:48:45.476-0300] {taskinstance.py:2648} INFO - Exporting env vars: AIRFLOW_CTX_DAG_EMAIL='marceloc.bastos@hotmail.com' AIRFLOW_CTX_DAG_OWNER='Marcelo' AIRFLOW_CTX_DAG_ID='weather_dag' AIRFLOW_CTX_TASK_ID='get_weather' AIRFLOW_CTX_EXECUTION_DATE='2024-08-01T18:48:43.007747+00:00' AIRFLOW_CTX_TRY_NUMBER='1' AIRFLOW_CTX_DAG_RUN_ID='manual__2024-08-01T18:48:43.007747+00:00'
[2024-08-01T15:48:45.477-0300] {taskinstance.py:430} INFO - ::endgroup::
[2024-08-01T15:48:45.477-0300] {subprocess.py:63} INFO - Tmp dir root location: /tmp
[2024-08-01T15:48:45.477-0300] {subprocess.py:75} INFO - Running command: ['/usr/bin/bash', '-c', 'python /home/mcb/code/marcelo7bastos/airflow_mda/dags/src/get_weather.py']
[2024-08-01T15:48:45.482-0300] {subprocess.py:86} INFO - Output:
[2024-08-01T15:48:45.908-0300] {subprocess.py:97} INFO - Command exited with return code 0
[2024-08-01T15:48:45.909-0300] {taskinstance.py:441} INFO - ::group::Post task execution logs
[2024-08-01T15:48:45.919-0300] {taskinstance.py:1206} INFO - Marking task as SUCCESS. dag_id=weather_dag, task_id=get_weather, run_id=manual__2024-08-01T18:48:43.007747+00:00, execution_date=20240801T184843, start_date=20240801T184845, end_date=20240801T184845
[2024-08-01T15:48:45.950-0300] {local_task_job_runner.py:243} INFO - Task exited with return code 0
[2024-08-01T15:48:45.959-0300] {taskinstance.py:3503} INFO - 1 downstream tasks scheduled from follow-on schedule check
[2024-08-01T15:48:45.961-0300] {local_task_job_runner.py:222} INFO - ::endgroup::
