[2024-08-01T17:00:04.059-0300] {local_task_job_runner.py:120} INFO - ::group::Pre task execution logs
[2024-08-01T17:00:04.070-0300] {taskinstance.py:2076} INFO - Dependencies all met for dep_context=non-requeueable deps ti=<TaskInstance: weather_dag.get_weather scheduled__2024-08-01T19:00:00+00:00 [queued]>
[2024-08-01T17:00:04.073-0300] {taskinstance.py:2076} INFO - Dependencies all met for dep_context=requeueable deps ti=<TaskInstance: weather_dag.get_weather scheduled__2024-08-01T19:00:00+00:00 [queued]>
[2024-08-01T17:00:04.074-0300] {taskinstance.py:2306} INFO - Starting attempt 1 of 6
[2024-08-01T17:00:04.081-0300] {taskinstance.py:2330} INFO - Executing <Task(BashOperator): get_weather> on 2024-08-01 19:00:00+00:00
[2024-08-01T17:00:04.085-0300] {standard_task_runner.py:64} INFO - Started process 154174 to run task
[2024-08-01T17:00:04.086-0300] {standard_task_runner.py:90} INFO - Running: ['airflow', 'tasks', 'run', 'weather_dag', 'get_weather', 'scheduled__2024-08-01T19:00:00+00:00', '--job-id', '1113', '--raw', '--subdir', 'DAGS_FOLDER/weather_dag.py', '--cfg-path', '/tmp/tmpb8hoheij']
[2024-08-01T17:00:04.087-0300] {standard_task_runner.py:91} INFO - Job 1113: Subtask get_weather
[2024-08-01T17:00:04.108-0300] {task_command.py:426} INFO - Running <TaskInstance: weather_dag.get_weather scheduled__2024-08-01T19:00:00+00:00 [running]> on host BOOK-U1A3RU270O.
[2024-08-01T17:00:04.146-0300] {taskinstance.py:2648} INFO - Exporting env vars: AIRFLOW_CTX_DAG_EMAIL='marceloc.bastos@hotmail.com' AIRFLOW_CTX_DAG_OWNER='Marcelo' AIRFLOW_CTX_DAG_ID='weather_dag' AIRFLOW_CTX_TASK_ID='get_weather' AIRFLOW_CTX_EXECUTION_DATE='2024-08-01T19:00:00+00:00' AIRFLOW_CTX_TRY_NUMBER='1' AIRFLOW_CTX_DAG_RUN_ID='scheduled__2024-08-01T19:00:00+00:00'
[2024-08-01T17:00:04.146-0300] {taskinstance.py:430} INFO - ::endgroup::
[2024-08-01T17:00:04.147-0300] {subprocess.py:63} INFO - Tmp dir root location: /tmp
[2024-08-01T17:00:04.147-0300] {subprocess.py:75} INFO - Running command: ['/usr/bin/bash', '-c', 'python /home/mcb/code/marcelo7bastos/airflow_mda/dags/src/get_weather.py']
[2024-08-01T17:00:04.151-0300] {subprocess.py:86} INFO - Output:
[2024-08-01T17:00:04.885-0300] {subprocess.py:97} INFO - Command exited with return code 0
[2024-08-01T17:00:04.886-0300] {taskinstance.py:441} INFO - ::group::Post task execution logs
[2024-08-01T17:00:04.895-0300] {taskinstance.py:1206} INFO - Marking task as SUCCESS. dag_id=weather_dag, task_id=get_weather, run_id=scheduled__2024-08-01T19:00:00+00:00, execution_date=20240801T190000, start_date=20240801T200004, end_date=20240801T200004
[2024-08-01T17:00:04.943-0300] {local_task_job_runner.py:243} INFO - Task exited with return code 0
[2024-08-01T17:00:04.952-0300] {taskinstance.py:3503} INFO - 1 downstream tasks scheduled from follow-on schedule check
[2024-08-01T17:00:04.955-0300] {local_task_job_runner.py:222} INFO - ::endgroup::
