[2024-08-01T15:45:52.158-0300] {local_task_job_runner.py:120} INFO - ::group::Pre task execution logs
[2024-08-01T15:45:52.170-0300] {taskinstance.py:2076} INFO - Dependencies all met for dep_context=non-requeueable deps ti=<TaskInstance: weather_dag.get_weather manual__2024-08-01T18:45:49.538393+00:00 [queued]>
[2024-08-01T15:45:52.173-0300] {taskinstance.py:2076} INFO - Dependencies all met for dep_context=requeueable deps ti=<TaskInstance: weather_dag.get_weather manual__2024-08-01T18:45:49.538393+00:00 [queued]>
[2024-08-01T15:45:52.173-0300] {taskinstance.py:2306} INFO - Starting attempt 1 of 6
[2024-08-01T15:45:52.181-0300] {taskinstance.py:2330} INFO - Executing <Task(BashOperator): get_weather> on 2024-08-01 18:45:49.538393+00:00
[2024-08-01T15:45:52.184-0300] {standard_task_runner.py:64} INFO - Started process 98398 to run task
[2024-08-01T15:45:52.186-0300] {standard_task_runner.py:90} INFO - Running: ['airflow', 'tasks', 'run', 'weather_dag', 'get_weather', 'manual__2024-08-01T18:45:49.538393+00:00', '--job-id', '554', '--raw', '--subdir', 'DAGS_FOLDER/weather_dag.py', '--cfg-path', '/tmp/tmpu3jv2y9f']
[2024-08-01T15:45:52.186-0300] {standard_task_runner.py:91} INFO - Job 554: Subtask get_weather
[2024-08-01T15:45:52.212-0300] {task_command.py:426} INFO - Running <TaskInstance: weather_dag.get_weather manual__2024-08-01T18:45:49.538393+00:00 [running]> on host BOOK-U1A3RU270O.
[2024-08-01T15:45:52.255-0300] {taskinstance.py:2648} INFO - Exporting env vars: AIRFLOW_CTX_DAG_EMAIL='marceloc.bastos@hotmail.com' AIRFLOW_CTX_DAG_OWNER='Marcelo' AIRFLOW_CTX_DAG_ID='weather_dag' AIRFLOW_CTX_TASK_ID='get_weather' AIRFLOW_CTX_EXECUTION_DATE='2024-08-01T18:45:49.538393+00:00' AIRFLOW_CTX_TRY_NUMBER='1' AIRFLOW_CTX_DAG_RUN_ID='manual__2024-08-01T18:45:49.538393+00:00'
[2024-08-01T15:45:52.256-0300] {taskinstance.py:430} INFO - ::endgroup::
[2024-08-01T15:45:52.256-0300] {subprocess.py:63} INFO - Tmp dir root location: /tmp
[2024-08-01T15:45:52.257-0300] {subprocess.py:75} INFO - Running command: ['/usr/bin/bash', '-c', 'python /home/mcb/code/marcelo7bastos/airflow_mda/dags/src/get_weather.py']
[2024-08-01T15:45:52.261-0300] {subprocess.py:86} INFO - Output:
[2024-08-01T15:45:53.053-0300] {subprocess.py:97} INFO - Command exited with return code 0
[2024-08-01T15:45:53.054-0300] {taskinstance.py:441} INFO - ::group::Post task execution logs
[2024-08-01T15:45:53.065-0300] {taskinstance.py:1206} INFO - Marking task as SUCCESS. dag_id=weather_dag, task_id=get_weather, run_id=manual__2024-08-01T18:45:49.538393+00:00, execution_date=20240801T184549, start_date=20240801T184552, end_date=20240801T184553
[2024-08-01T15:45:53.082-0300] {local_task_job_runner.py:243} INFO - Task exited with return code 0
[2024-08-01T15:45:53.091-0300] {taskinstance.py:3503} INFO - 1 downstream tasks scheduled from follow-on schedule check
[2024-08-01T15:45:53.094-0300] {local_task_job_runner.py:222} INFO - ::endgroup::
